2025-03-21 11:38:15 - [INFO] - c.b.a.AddressBookAppApplication - Starting AddressBookAppApplication using Java 22.0.1 with PID 995 (/Users/sachinsharma/Desktop/Menu/addressBookApp/target/classes started by sachinsharma in /Users/sachinsharma/Desktop/Menu/addressBookApp)
2025-03-21 11:38:15 - [DEBUG] - c.b.a.AddressBookAppApplication - Running with Spring Boot v3.4.3, Spring v6.2.3
2025-03-21 11:38:15 - [INFO] - c.b.a.AddressBookAppApplication - The following 1 profile is active: "dev"
2025-03-21 11:38:15 - [INFO] - o.s.b.d.e.DevToolsPropertyDefaultsPostProcessor - Devtools property defaults active! Set 'spring.devtools.add-properties' to 'false' to disable
2025-03-21 11:38:15 - [INFO] - o.s.b.d.e.DevToolsPropertyDefaultsPostProcessor - For additional web related logging consider setting the 'logging.level.web' property to 'DEBUG'
2025-03-21 11:38:16 - [INFO] - o.s.d.r.c.RepositoryConfigurationDelegate - Bootstrapping Spring Data JPA repositories in DEFAULT mode.
2025-03-21 11:38:16 - [INFO] - o.s.d.r.c.RepositoryConfigurationDelegate - Finished Spring Data repository scanning in 23 ms. Found 2 JPA repository interfaces.
2025-03-21 11:38:16 - [INFO] - o.s.b.w.e.tomcat.TomcatWebServer - Tomcat initialized with port 8086 (http)
2025-03-21 11:38:16 - [INFO] - o.a.catalina.core.StandardService - Starting service [Tomcat]
2025-03-21 11:38:16 - [INFO] - o.a.catalina.core.StandardEngine - Starting Servlet engine: [Apache Tomcat/10.1.36]
2025-03-21 11:38:16 - [INFO] - o.a.c.c.C.[Tomcat].[localhost].[/] - Initializing Spring embedded WebApplicationContext
2025-03-21 11:38:16 - [INFO] - o.s.b.w.s.c.ServletWebServerApplicationContext - Root WebApplicationContext: initialization completed in 729 ms
2025-03-21 11:38:16 - [INFO] - o.h.jpa.internal.util.LogHelper - HHH000204: Processing PersistenceUnitInfo [name: default]
2025-03-21 11:38:16 - [INFO] - org.hibernate.Version - HHH000412: Hibernate ORM core version 6.6.8.Final
2025-03-21 11:38:16 - [INFO] - o.h.c.i.RegionFactoryInitiator - HHH000026: Second-level cache disabled
2025-03-21 11:38:16 - [INFO] - o.s.o.j.p.SpringPersistenceUnitInfo - No LoadTimeWeaver setup: ignoring JPA class transformer
2025-03-21 11:38:16 - [INFO] - com.zaxxer.hikari.HikariDataSource - HikariPool-1 - Starting...
2025-03-21 11:38:17 - [INFO] - com.zaxxer.hikari.pool.HikariPool - HikariPool-1 - Added connection com.mysql.cj.jdbc.ConnectionImpl@613296d0
2025-03-21 11:38:17 - [INFO] - com.zaxxer.hikari.HikariDataSource - HikariPool-1 - Start completed.
2025-03-21 11:38:17 - [WARN] - org.hibernate.orm.deprecation - HHH90000025: MySQL8Dialect does not need to be specified explicitly using 'hibernate.dialect' (remove the property setting and it will be selected by default)
2025-03-21 11:38:17 - [WARN] - org.hibernate.orm.deprecation - HHH90000026: MySQL8Dialect has been deprecated; use org.hibernate.dialect.MySQLDialect instead
2025-03-21 11:38:17 - [INFO] - o.hibernate.orm.connections.pooling - HHH10001005: Database info:
	Database JDBC URL [Connecting through datasource 'HikariDataSource (HikariPool-1)']
	Database driver: undefined/unknown
	Database version: 8.0
	Autocommit mode: undefined/unknown
	Isolation level: undefined/unknown
	Minimum pool size: undefined/unknown
	Maximum pool size: undefined/unknown
2025-03-21 11:38:17 - [INFO] - o.h.e.t.j.p.i.JtaPlatformInitiator - HHH000489: No JTA platform available (set 'hibernate.transaction.jta.platform' to enable JTA platform integration)
2025-03-21 11:38:17 - [INFO] - o.s.o.j.LocalContainerEntityManagerFactoryBean - Initialized JPA EntityManagerFactory for persistence unit 'default'
2025-03-21 11:38:17 - [WARN] - o.s.b.a.o.j.JpaBaseConfiguration$JpaWebConfiguration - spring.jpa.open-in-view is enabled by default. Therefore, database queries may be performed during view rendering. Explicitly configure spring.jpa.open-in-view to disable this warning
2025-03-21 11:38:17 - [WARN] - o.s.b.a.s.s.UserDetailsServiceAutoConfiguration - 

Using generated security password: 8ac5e6a4-c6e1-4fdb-a9da-f801258bcd54

This generated password is for development use only. Your security configuration must be updated before running your application in production.

2025-03-21 11:38:17 - [INFO] - o.s.s.c.a.a.c.InitializeUserDetailsBeanManagerConfigurer$InitializeUserDetailsManagerConfigurer - Global AuthenticationManager configured with UserDetailsService bean with name inMemoryUserDetailsManager
2025-03-21 11:38:18 - [INFO] - o.s.b.a.h.H2ConsoleAutoConfiguration - H2 console available at '/h2-console'. Database available at 'jdbc:mysql://localhost:3306/addressBook_db?createDatabaseIfNotExist=true'
2025-03-21 11:38:18 - [INFO] - o.s.b.d.a.OptionalLiveReloadServer - LiveReload server is running on port 35729
2025-03-21 11:38:18 - [INFO] - o.s.b.w.e.tomcat.TomcatWebServer - Tomcat started on port 8086 (http) with context path '/'
2025-03-21 11:38:18 - [INFO] - c.b.a.AddressBookAppApplication - Started AddressBookAppApplication in 2.581 seconds (process running for 2.879)
2025-03-21 11:39:15 - [INFO] - o.a.c.c.C.[Tomcat].[localhost].[/] - Initializing Spring DispatcherServlet 'dispatcherServlet'
2025-03-21 11:39:15 - [INFO] - o.s.web.servlet.DispatcherServlet - Initializing Servlet 'dispatcherServlet'
2025-03-21 11:39:15 - [INFO] - o.s.web.servlet.DispatcherServlet - Completed initialization in 3 ms
2025-03-21 11:39:15 - [WARN] - o.s.w.s.m.m.a.ExceptionHandlerExceptionResolver - Resolved [org.springframework.web.servlet.resource.NoResourceFoundException: No static resource .]
2025-03-21 11:39:54 - [INFO] - c.b.a.controller.ContactController - Fetching all contacts
2025-03-21 11:39:54 - [INFO] - c.b.a.controller.ContactController - Retrieved 1 contacts
2025-03-21 11:41:36 - [WARN] - o.s.w.s.m.m.a.ExceptionHandlerExceptionResolver - Resolved [java.lang.IllegalArgumentException: rawPassword cannot be null]
2025-03-21 11:44:28 - [WARN] - o.s.w.s.m.m.a.ExceptionHandlerExceptionResolver - Resolved [java.lang.IllegalArgumentException: rawPassword cannot be null]
2025-03-21 11:49:43 - [INFO] - o.s.b.w.e.tomcat.GracefulShutdown - Commencing graceful shutdown. Waiting for active requests to complete
2025-03-21 11:49:43 - [INFO] - o.s.b.w.e.tomcat.GracefulShutdown - Graceful shutdown complete
2025-03-21 11:49:43 - [INFO] - o.s.o.j.LocalContainerEntityManagerFactoryBean - Closing JPA EntityManagerFactory for persistence unit 'default'
2025-03-21 11:49:43 - [INFO] - com.zaxxer.hikari.HikariDataSource - HikariPool-1 - Shutdown initiated...
2025-03-21 11:49:43 - [INFO] - com.zaxxer.hikari.HikariDataSource - HikariPool-1 - Shutdown completed.
2025-03-21 11:49:45 - [INFO] - c.b.a.AddressBookAppApplication - Starting AddressBookAppApplication using Java 22.0.1 with PID 3125 (/Users/sachinsharma/Desktop/Menu/addressBookApp/target/classes started by sachinsharma in /Users/sachinsharma/Desktop/Menu/addressBookApp)
2025-03-21 11:49:45 - [DEBUG] - c.b.a.AddressBookAppApplication - Running with Spring Boot v3.4.3, Spring v6.2.3
2025-03-21 11:49:45 - [INFO] - c.b.a.AddressBookAppApplication - The following 1 profile is active: "dev"
2025-03-21 11:49:45 - [INFO] - o.s.b.d.e.DevToolsPropertyDefaultsPostProcessor - Devtools property defaults active! Set 'spring.devtools.add-properties' to 'false' to disable
2025-03-21 11:49:45 - [INFO] - o.s.b.d.e.DevToolsPropertyDefaultsPostProcessor - For additional web related logging consider setting the 'logging.level.web' property to 'DEBUG'
2025-03-21 11:49:45 - [INFO] - o.s.d.r.c.RepositoryConfigurationDelegate - Bootstrapping Spring Data JPA repositories in DEFAULT mode.
2025-03-21 11:49:45 - [INFO] - o.s.d.r.c.RepositoryConfigurationDelegate - Finished Spring Data repository scanning in 23 ms. Found 2 JPA repository interfaces.
2025-03-21 11:49:46 - [INFO] - o.s.b.w.e.tomcat.TomcatWebServer - Tomcat initialized with port 8086 (http)
2025-03-21 11:49:46 - [INFO] - o.a.catalina.core.StandardService - Starting service [Tomcat]
2025-03-21 11:49:46 - [INFO] - o.a.catalina.core.StandardEngine - Starting Servlet engine: [Apache Tomcat/10.1.36]
2025-03-21 11:49:46 - [INFO] - o.a.c.c.C.[Tomcat].[localhost].[/] - Initializing Spring embedded WebApplicationContext
2025-03-21 11:49:46 - [INFO] - o.s.b.w.s.c.ServletWebServerApplicationContext - Root WebApplicationContext: initialization completed in 766 ms
2025-03-21 11:49:46 - [INFO] - o.h.jpa.internal.util.LogHelper - HHH000204: Processing PersistenceUnitInfo [name: default]
2025-03-21 11:49:46 - [INFO] - org.hibernate.Version - HHH000412: Hibernate ORM core version 6.6.8.Final
2025-03-21 11:49:46 - [INFO] - o.h.c.i.RegionFactoryInitiator - HHH000026: Second-level cache disabled
2025-03-21 11:49:46 - [INFO] - o.s.o.j.p.SpringPersistenceUnitInfo - No LoadTimeWeaver setup: ignoring JPA class transformer
2025-03-21 11:49:46 - [INFO] - com.zaxxer.hikari.HikariDataSource - HikariPool-1 - Starting...
2025-03-21 11:49:46 - [INFO] - com.zaxxer.hikari.pool.HikariPool - HikariPool-1 - Added connection com.mysql.cj.jdbc.ConnectionImpl@6b4158b2
2025-03-21 11:49:46 - [INFO] - com.zaxxer.hikari.HikariDataSource - HikariPool-1 - Start completed.
2025-03-21 11:49:46 - [WARN] - org.hibernate.orm.deprecation - HHH90000025: MySQL8Dialect does not need to be specified explicitly using 'hibernate.dialect' (remove the property setting and it will be selected by default)
2025-03-21 11:49:46 - [WARN] - org.hibernate.orm.deprecation - HHH90000026: MySQL8Dialect has been deprecated; use org.hibernate.dialect.MySQLDialect instead
2025-03-21 11:49:46 - [INFO] - o.hibernate.orm.connections.pooling - HHH10001005: Database info:
	Database JDBC URL [Connecting through datasource 'HikariDataSource (HikariPool-1)']
	Database driver: undefined/unknown
	Database version: 8.0
	Autocommit mode: undefined/unknown
	Isolation level: undefined/unknown
	Minimum pool size: undefined/unknown
	Maximum pool size: undefined/unknown
2025-03-21 11:49:47 - [INFO] - o.h.e.t.j.p.i.JtaPlatformInitiator - HHH000489: No JTA platform available (set 'hibernate.transaction.jta.platform' to enable JTA platform integration)
2025-03-21 11:49:47 - [INFO] - o.s.o.j.LocalContainerEntityManagerFactoryBean - Initialized JPA EntityManagerFactory for persistence unit 'default'
2025-03-21 11:49:47 - [WARN] - o.s.b.a.o.j.JpaBaseConfiguration$JpaWebConfiguration - spring.jpa.open-in-view is enabled by default. Therefore, database queries may be performed during view rendering. Explicitly configure spring.jpa.open-in-view to disable this warning
2025-03-21 11:49:47 - [WARN] - o.s.b.a.s.s.UserDetailsServiceAutoConfiguration - 

Using generated security password: 653f71ad-3cf4-4774-8f65-65a59150b948

This generated password is for development use only. Your security configuration must be updated before running your application in production.

2025-03-21 11:49:47 - [INFO] - o.s.s.c.a.a.c.InitializeUserDetailsBeanManagerConfigurer$InitializeUserDetailsManagerConfigurer - Global AuthenticationManager configured with UserDetailsService bean with name inMemoryUserDetailsManager
2025-03-21 11:49:47 - [INFO] - o.s.b.a.h.H2ConsoleAutoConfiguration - H2 console available at '/h2-console'. Database available at 'jdbc:mysql://localhost:3306/addressBook_db?createDatabaseIfNotExist=true'
2025-03-21 11:49:47 - [INFO] - o.s.b.d.a.OptionalLiveReloadServer - LiveReload server is running on port 35729
2025-03-21 11:49:47 - [INFO] - o.s.b.w.e.tomcat.TomcatWebServer - Tomcat started on port 8086 (http) with context path '/'
2025-03-21 11:49:47 - [INFO] - c.b.a.AddressBookAppApplication - Started AddressBookAppApplication in 2.635 seconds (process running for 3.003)
2025-03-21 11:49:53 - [INFO] - o.a.c.c.C.[Tomcat].[localhost].[/] - Initializing Spring DispatcherServlet 'dispatcherServlet'
2025-03-21 11:49:53 - [INFO] - o.s.web.servlet.DispatcherServlet - Initializing Servlet 'dispatcherServlet'
2025-03-21 11:49:53 - [INFO] - o.s.web.servlet.DispatcherServlet - Completed initialization in 8 ms
2025-03-21 11:49:53 - [WARN] - o.s.w.s.m.m.a.ExceptionHandlerExceptionResolver - Resolved [java.lang.IllegalArgumentException: rawPassword cannot be null]
2025-03-21 11:52:48 - [WARN] - o.s.w.s.m.m.a.ExceptionHandlerExceptionResolver - Resolved [org.springframework.http.converter.HttpMessageNotReadableException: Required request body is missing: public java.lang.String com.bridgelabz.addressBookApp.controller.AuthenticationController.login(com.bridgelabz.addressBookApp.dto.LoginDTO)]
2025-03-21 11:53:46 - [WARN] - o.s.w.s.m.m.a.ExceptionHandlerExceptionResolver - Resolved [java.lang.IllegalArgumentException: rawPassword cannot be null]
2025-03-21 11:54:41 - [INFO] - c.b.a.controller.ContactController - Fetching all contacts
2025-03-21 11:54:41 - [INFO] - c.b.a.controller.ContactController - Retrieved 1 contacts
2025-03-21 11:55:01 - [INFO] - c.b.a.controller.ContactController - Fetching all contacts
2025-03-21 11:55:01 - [INFO] - c.b.a.controller.ContactController - Retrieved 1 contacts
